Copyright 1986-2019 Xilinx, Inc. All Rights Reserved.
---------------------------------------------------------------------------------------
| Tool Version : Vivado v.2019.2.1 (win64) Build 2729669 Thu Dec  5 04:49:17 MST 2019
| Date         : Sat May  9 03:02:21 2020
| Host         : DESKTOP-BMDSIHI running 64-bit major release  (build 9200)
| Command      : report_control_sets -verbose -file keypad_top_control_sets_placed.rpt
| Design       : keypad_top
| Device       : xc7a100t
---------------------------------------------------------------------------------------

Control Set Information

Table of Contents
-----------------
1. Summary
2. Histogram
3. Flip-Flop Distribution
4. Detailed Control Set Information

1. Summary
----------

+----------------------------------------------------------+-------+
|                          Status                          | Count |
+----------------------------------------------------------+-------+
| Total control sets                                       |    26 |
|    Minimum number of control sets                        |    26 |
|    Addition due to synthesis replication                 |     0 |
|    Addition due to physical synthesis replication        |     0 |
| Unused register locations in slices containing registers |    96 |
+----------------------------------------------------------+-------+
* Control sets can be merged at opt_design using control_set_merge or merge_equivalent_drivers
** Run report_qor_suggestions for automated merging and remapping suggestions


2. Histogram
------------

+--------------------+-------+
|       Fanout       | Count |
+--------------------+-------+
| Total control sets |    26 |
| >= 0 to < 4        |     0 |
| >= 4 to < 6        |     7 |
| >= 6 to < 8        |     0 |
| >= 8 to < 10       |     0 |
| >= 10 to < 12      |     1 |
| >= 12 to < 14      |     0 |
| >= 14 to < 16      |     0 |
| >= 16              |    18 |
+--------------------+-------+
* Control sets can be remapped at either synth_design or opt_design


3. Flip-Flop Distribution
-------------------------

+--------------+-----------------------+------------------------+-----------------+--------------+
| Clock Enable | Synchronous Set/Reset | Asynchronous Set/Reset | Total Registers | Total Slices |
+--------------+-----------------------+------------------------+-----------------+--------------+
| No           | No                    | No                     |               4 |            2 |
| No           | No                    | Yes                    |              64 |           24 |
| No           | Yes                   | No                     |               4 |            4 |
| Yes          | No                    | No                     |               5 |            1 |
| Yes          | No                    | Yes                    |              27 |           12 |
| Yes          | Yes                   | No                     |             336 |           90 |
+--------------+-----------------------+------------------------+-----------------+--------------+


4. Detailed Control Set Information
-----------------------------------

+----------------+------------------------------------------------+--------------------------------------------------------------+------------------+----------------+
|  Clock Signal  |                  Enable Signal                 |                       Set/Reset Signal                       | Slice Load Count | Bel Load Count |
+----------------+------------------------------------------------+--------------------------------------------------------------+------------------+----------------+
|  clk_IBUF_BUFG |                                                |                                                              |                2 |              4 |
|  clk_IBUF_BUFG |                                                | PmodKYPD/row_debounce[7].debounce_keys/SR[0]                 |                4 |              4 |
|  clk_IBUF_BUFG | PmodKYPD/keys_int[3]_i_1_n_0                   | PmodKYPD/row_debounce[0].debounce_keys/reset_n               |                1 |              4 |
|  clk_IBUF_BUFG | PmodKYPD/keys_int[10]_i_1_n_0                  | PmodKYPD/row_debounce[0].debounce_keys/reset_n               |                2 |              4 |
|  clk_IBUF_BUFG | PmodKYPD/keys_int[0]_i_1_n_0                   | PmodKYPD/row_debounce[0].debounce_keys/reset_n               |                3 |              4 |
|  clk_IBUF_BUFG | PmodKYPD/keys_int[2]_i_1_n_0                   | PmodKYPD/row_debounce[0].debounce_keys/reset_n               |                3 |              4 |
|  clk_IBUF_BUFG | reset_n_IBUF                                   |                                                              |                1 |              5 |
|  clk_IBUF_BUFG | PmodKYPD/FSM_onehot_columns[10]_i_1_n_0        | PmodKYPD/row_debounce[0].debounce_keys/reset_n               |                3 |             11 |
|  clk_IBUF_BUFG | PmodKYPD/keys_stored0                          | PmodKYPD/keys_stored[0]_i_1_n_0                              |               10 |             16 |
|  clk_IBUF_BUFG | PmodKYPD/row_debounce[15].debounce_keys/count0 | PmodKYPD/row_debounce[15].debounce_keys/count[0]_i_1__14_n_0 |                5 |             20 |
|  clk_IBUF_BUFG | PmodKYPD/row_debounce[1].debounce_keys/count0  | PmodKYPD/row_debounce[1].debounce_keys/count[0]_i_1__0_n_0   |                5 |             20 |
|  clk_IBUF_BUFG | PmodKYPD/row_debounce[2].debounce_keys/count0  | PmodKYPD/row_debounce[2].debounce_keys/count[0]_i_1__1_n_0   |                5 |             20 |
|  clk_IBUF_BUFG | PmodKYPD/row_debounce[3].debounce_keys/count0  | PmodKYPD/row_debounce[3].debounce_keys/count[0]_i_1__2_n_0   |                5 |             20 |
|  clk_IBUF_BUFG | PmodKYPD/row_debounce[4].debounce_keys/count0  | PmodKYPD/row_debounce[4].debounce_keys/count[0]_i_1__3_n_0   |                5 |             20 |
|  clk_IBUF_BUFG | PmodKYPD/row_debounce[10].debounce_keys/count0 | PmodKYPD/row_debounce[10].debounce_keys/count[0]_i_1__9_n_0  |                5 |             20 |
|  clk_IBUF_BUFG | PmodKYPD/row_debounce[11].debounce_keys/count0 | PmodKYPD/row_debounce[11].debounce_keys/count[0]_i_1__10_n_0 |                5 |             20 |
|  clk_IBUF_BUFG | PmodKYPD/row_debounce[5].debounce_keys/count0  | PmodKYPD/row_debounce[5].debounce_keys/count[0]_i_1__4_n_0   |                5 |             20 |
|  clk_IBUF_BUFG | PmodKYPD/row_debounce[6].debounce_keys/count0  | PmodKYPD/row_debounce[6].debounce_keys/count[0]_i_1__5_n_0   |                5 |             20 |
|  clk_IBUF_BUFG | PmodKYPD/row_debounce[7].debounce_keys/count0  | PmodKYPD/row_debounce[7].debounce_keys/count[0]_i_1__6_n_0   |                5 |             20 |
|  clk_IBUF_BUFG | PmodKYPD/row_debounce[8].debounce_keys/count0  | PmodKYPD/row_debounce[8].debounce_keys/count[0]_i_1__7_n_0   |                5 |             20 |
|  clk_IBUF_BUFG | PmodKYPD/row_debounce[9].debounce_keys/count0  | PmodKYPD/row_debounce[9].debounce_keys/count[0]_i_1__8_n_0   |                5 |             20 |
|  clk_IBUF_BUFG | PmodKYPD/row_debounce[12].debounce_keys/count0 | PmodKYPD/row_debounce[12].debounce_keys/count[0]_i_1__11_n_0 |                5 |             20 |
|  clk_IBUF_BUFG | PmodKYPD/row_debounce[13].debounce_keys/count0 | PmodKYPD/row_debounce[13].debounce_keys/count[0]_i_1__12_n_0 |                5 |             20 |
|  clk_IBUF_BUFG | PmodKYPD/row_debounce[14].debounce_keys/count0 | PmodKYPD/row_debounce[14].debounce_keys/count[0]_i_1__13_n_0 |                5 |             20 |
|  clk_IBUF_BUFG | PmodKYPD/row_debounce[0].debounce_keys/count0  | PmodKYPD/row_debounce[0].debounce_keys/count[0]_i_1_n_0      |                5 |             20 |
|  clk_IBUF_BUFG |                                                | PmodKYPD/row_debounce[0].debounce_keys/reset_n               |               24 |             64 |
+----------------+------------------------------------------------+--------------------------------------------------------------+------------------+----------------+


